<?xml version="1.0" encoding="UTF-8"?>
<!-- Generated by org.testng.reporters.JUnitXMLReporter -->
<testsuite ignored="0" hostname="2G53N13" failures="0" tests="3" name="Default test" time="76.867" errors="0" timestamp="2022-12-13T17:03:36 IST">
  <testcase classname="com.aandhi.Testcase1" name="login" time="23.665"/>
  <testcase classname="com.aandhi.Testcase1" name="login" time="23.481"/>
  <testcase classname="com.aandhi.Testcase1" name="login" time="28.881"/>
</testsuite> <!-- Default test -->
