<?xml version="1.0" encoding="UTF-8"?>
<!-- Generated by org.testng.reporters.JUnitXMLReporter -->
<testsuite ignored="0" hostname="2G53N13" failures="1" tests="4" name="Dependency Test" time="0.011" errors="0" timestamp="2022-12-07T15:24:50 IST">
  <testcase classname="testcases.TestCase3" name="doUserReg" time="0.001">
    <failure type="java.lang.AssertionError" message="User not registered successfully">
      <![CDATA[java.lang.AssertionError: User not registered successfully
at testcases.TestCase3.doUserReg(TestCase3.java:13)
at java.base/java.util.ArrayList.forEach(ArrayList.java:1511)
... Removed 29 stack frames]]>
    </failure>
  </testcase> <!-- doUserReg -->
  <testcase classname="testcases.TestCase3" name="doLogin" time="0.0">
    <skipped/>
  </testcase> <!-- doLogin -->
  <testcase classname="testcases.TestCase3" name="thirdTest" time="0.0"/>
  <testcase classname="testcases.TestCase3" name="fourthTest" time="0.001"/>
</testsuite> <!-- Dependency Test -->
