<?xml version="1.0" encoding="UTF-8"?>
<!-- Generated by org.testng.reporters.JUnitXMLReporter -->
<testsuite ignored="0" hostname="2G53N13" failures="0" tests="4" name="Login Test" time="6.236" errors="0" timestamp="2022-12-14T15:17:30 IST">
  <testcase classname="com.aandhi.restAssured.RestTestcase2" name="checkContentEncoding" time="0.011"/>
  <testcase classname="com.aandhi.restAssured.RestTestcase2" name="checkResponseBody" time="0.011"/>
  <testcase classname="com.aandhi.restAssured.RestTestcase2" name="checkStatusCode" time="0.001"/>
  <testcase classname="com.aandhi.restAssured.RestTestcase2" name="checkStatusLine" time="0.002"/>
</testsuite> <!-- Login Test -->
